frontend/android/app/build/intermediates/manifest_merge_blame_file/release/processReleaseMainManifest/manifest-merger-blame-release-report.txt
1<?xml version="1.0" encoding="utf-8"?>
2<manifest xmlns:android="http://schemas.android.com/apk/res/android"
3    package="com.example.frontend"
4    android:versionCode="1"
5    android:versionName="1.0.0" >
6
7    <uses-sdk
8        android:minSdkVersion="21"
9        android:targetSdkVersion="35" />
10
11    <uses-permission android:name="android.permission.RECORD_AUDIO" />
11-->src\main\AndroidManifest.xml:2:5-70
11-->src\main\AndroidManifest.xml:2:22-68
12    <uses-permission android:name="android.permission.INTERNET" />
12-->src\main\AndroidManifest.xml:3:5-66
12-->src\main\AndroidManifest.xml:3:22-64
13    <uses-permission android:name="android.permission.ACCESS_NETWORK_STATE" />
13-->src\main\AndroidManifest.xml:4:5-78
13-->src\main\AndroidManifest.xml:4:22-76
14    <uses-permission android:name="android.permission.ACCESS_FINE_LOCATION" />
14-->src\main\AndroidManifest.xml:5:5-78
14-->src\main\AndroidManifest.xml:5:22-76
15    <uses-permission android:name="android.permission.ACCESS_COARSE_LOCATION" />
15-->src\main\AndroidManifest.xml:6:5-80
15-->src\main\AndroidManifest.xml:6:22-78
16    <uses-permission android:name="android.permission.ACCESS_FINE_LOCATION" />
16-->src\main\AndroidManifest.xml:5:5-78
16-->src\main\AndroidManifest.xml:5:22-76
17    <uses-permission android:name="android.permission.ACCESS_COARSE_LOCATION" />
17-->src\main\AndroidManifest.xml:6:5-80
17-->src\main\AndroidManifest.xml:6:22-78
18    <uses-permission android:name="android.permission.RECORD_AUDIO" />
18-->src\main\AndroidManifest.xml:2:5-70
18-->src\main\AndroidManifest.xml:2:22-68
19    <uses-permission android:name="android.permission.INTERNET" />
19-->src\main\AndroidManifest.xml:3:5-66
19-->src\main\AndroidManifest.xml:3:22-64
20    <!--
21         Required to query activities that can process text, see:
22         https://developer.android.com/training/package-visibility and
23         https://developer.android.com/reference/android/content/Intent#ACTION_PROCESS_TEXT.
24
25         In particular, this is used by the Flutter engine in io.flutter.plugin.text.ProcessTextPlugin.
26    -->
27
28    <queries>
28-->src\main\AndroidManifest.xml:56:5-61:15
29        <intent>
29-->src\main\AndroidManifest.xml:57:9-60:18
30            <action android:name="android.intent.action.PROCESS_TEXT" />
30-->src\main\AndroidManifest.xml:58:13-72
30-->src\main\AndroidManifest.xml:58:21-70
31
32            <data android:mimeType="text/plain" />
32-->src\main\AndroidManifest.xml:59:13-50
32-->src\main\AndroidManifest.xml:59:19-48
33        </intent>
34        <!-- Needs to be explicitly declared on Android R+ -->
35        <package android:name="com.google.android.apps.maps" />
35-->[com.google.android.gms:play-services-maps:18.2.0] AndroidManifest.xml:33:9-64
35-->[com.google.android.gms:play-services-maps:18.2.0] AndroidManifest.xml:33:18-61
36    </queries>
37
38    <uses-feature
38-->[com.google.android.gms:play-services-maps:18.2.0] AndroidManifest.xml:26:5-28:35
39        android:glEsVersion="0x00020000"
39-->[com.google.android.gms:play-services-maps:18.2.0] AndroidManifest.xml:27:9-41
40        android:required="true" />
40-->[com.google.android.gms:play-services-maps:18.2.0] AndroidManifest.xml:28:9-32
41
42    <permission
42-->[androidx.core:core:1.16.0] AndroidManifest.xml:22:5-24:47
43        android:name="com.example.frontend.DYNAMIC_RECEIVER_NOT_EXPORTED_PERMISSION"
43-->[androidx.core:core:1.16.0] AndroidManifest.xml:23:9-81
44        android:protectionLevel="signature" />
44-->[androidx.core:core:1.16.0] AndroidManifest.xml:24:9-44
45
46    <uses-permission android:name="com.example.frontend.DYNAMIC_RECEIVER_NOT_EXPORTED_PERMISSION" />
46-->[androidx.core:core:1.16.0] AndroidManifest.xml:26:5-97
46-->[androidx.core:core:1.16.0] AndroidManifest.xml:26:22-94
47
48    <application
49        android:name="android.app.Application"
49-->src\main\AndroidManifest.xml:14:9-42
50        android:appComponentFactory="androidx.core.app.CoreComponentFactory"
50-->[androidx.core:core:1.16.0] AndroidManifest.xml:28:18-86
51        android:extractNativeLibs="true"
52        android:icon="@mipmap/ic_launcher"
52-->src\main\AndroidManifest.xml:15:9-43
53        android:label="frontend" >
53-->src\main\AndroidManifest.xml:13:9-33
54
55        <!-- Google Maps API 키 -->
56        <meta-data
56-->src\main\AndroidManifest.xml:18:2-20:57
57            android:name="com.google.android.geo.API_KEY"
57-->src\main\AndroidManifest.xml:19:13-58
58            android:value="@string/google_map_api_key" />
58-->src\main\AndroidManifest.xml:20:13-55
59
60        <activity
60-->src\main\AndroidManifest.xml:22:9-43:20
61            android:name="com.example.frontend.MainActivity"
61-->src\main\AndroidManifest.xml:23:13-41
62            android:configChanges="orientation|keyboardHidden|keyboard|screenSize|smallestScreenSize|locale|layoutDirection|fontScale|screenLayout|density|uiMode"
62-->src\main\AndroidManifest.xml:28:13-163
63            android:exported="true"
63-->src\main\AndroidManifest.xml:24:13-36
64            android:hardwareAccelerated="true"
64-->src\main\AndroidManifest.xml:29:13-47
65            android:launchMode="singleTop"
65-->src\main\AndroidManifest.xml:25:13-43
66            android:taskAffinity=""
66-->src\main\AndroidManifest.xml:26:13-36
67            android:theme="@style/LaunchTheme"
67-->src\main\AndroidManifest.xml:27:13-47
68            android:windowSoftInputMode="adjustResize" >
68-->src\main\AndroidManifest.xml:30:13-55
69
70            <!--
71                 Specifies an Android theme to apply to this Activity as soon as
72                 the Android process has started. This theme is visible to the user
73                 while the Flutter UI initializes. After that, this theme continues
74                 to determine the Window background behind the Flutter UI.
75            -->
76            <meta-data
76-->src\main\AndroidManifest.xml:35:13-38:17
77                android:name="io.flutter.embedding.android.NormalTheme"
77-->src\main\AndroidManifest.xml:36:15-70
78                android:resource="@style/NormalTheme" />
78-->src\main\AndroidManifest.xml:37:15-52
79
80            <intent-filter>
80-->src\main\AndroidManifest.xml:39:13-42:29
81                <action android:name="android.intent.action.MAIN" />
81-->src\main\AndroidManifest.xml:40:17-68
81-->src\main\AndroidManifest.xml:40:25-66
82
83                <category android:name="android.intent.category.LAUNCHER" />
83-->src\main\AndroidManifest.xml:41:17-76
83-->src\main\AndroidManifest.xml:41:27-74
84            </intent-filter>
85        </activity>
86        <!--
87             Don't delete the meta-data below.
88             This is used by the Flutter tool to generate GeneratedPluginRegistrant.java
89        -->
90        <meta-data
90-->src\main\AndroidManifest.xml:46:9-48:33
91            android:name="flutterEmbedding"
91-->src\main\AndroidManifest.xml:47:13-44
92            android:value="2" />
92-->src\main\AndroidManifest.xml:48:13-30
93
94        <service
94-->[:geolocator_android] AndroidManifest.xml:8:9-12:56
95            android:name="com.baseflow.geolocator.GeolocatorLocationService"
95-->[:geolocator_android] AndroidManifest.xml:9:13-77
96            android:enabled="true"
96-->[:geolocator_android] AndroidManifest.xml:10:13-35
97            android:exported="false"
97-->[:geolocator_android] AndroidManifest.xml:11:13-37
98            android:foregroundServiceType="location" />
98-->[:geolocator_android] AndroidManifest.xml:12:13-53
99
100        <uses-library
100-->[androidx.window:window:1.2.0] AndroidManifest.xml:23:9-25:40
101            android:name="androidx.window.extensions"
101-->[androidx.window:window:1.2.0] AndroidManifest.xml:24:13-54
102            android:required="false" />
102-->[androidx.window:window:1.2.0] AndroidManifest.xml:25:13-37
103        <uses-library
103-->[androidx.window:window:1.2.0] AndroidManifest.xml:26:9-28:40
104            android:name="androidx.window.sidecar"
104-->[androidx.window:window:1.2.0] AndroidManifest.xml:27:13-51
105            android:required="false" /> <!-- Needs to be explicitly declared on P+ -->
105-->[androidx.window:window:1.2.0] AndroidManifest.xml:28:13-37
106        <uses-library
106-->[com.google.android.gms:play-services-maps:18.2.0] AndroidManifest.xml:39:9-41:40
107            android:name="org.apache.http.legacy"
107-->[com.google.android.gms:play-services-maps:18.2.0] AndroidManifest.xml:40:13-50
108            android:required="false" />
108-->[com.google.android.gms:play-services-maps:18.2.0] AndroidManifest.xml:41:13-37
109
110        <activity
110-->[com.google.android.gms:play-services-auth:21.0.0] AndroidManifest.xml:23:9-27:75
111            android:name="com.google.android.gms.auth.api.signin.internal.SignInHubActivity"
111-->[com.google.android.gms:play-services-auth:21.0.0] AndroidManifest.xml:24:13-93
112            android:excludeFromRecents="true"
112-->[com.google.android.gms:play-services-auth:21.0.0] AndroidManifest.xml:25:13-46
113            android:exported="false"
113-->[com.google.android.gms:play-services-auth:21.0.0] AndroidManifest.xml:26:13-37
114            android:theme="@android:style/Theme.Translucent.NoTitleBar" />
114-->[com.google.android.gms:play-services-auth:21.0.0] AndroidManifest.xml:27:13-72
115        <!--
116            Service handling Google Sign-In user revocation. For apps that do not integrate with
117            Google Sign-In, this service will never be started.
118        -->
119        <service
119-->[com.google.android.gms:play-services-auth:21.0.0] AndroidManifest.xml:33:9-37:51
120            android:name="com.google.android.gms.auth.api.signin.RevocationBoundService"
120-->[com.google.android.gms:play-services-auth:21.0.0] AndroidManifest.xml:34:13-89
121            android:exported="true"
121-->[com.google.android.gms:play-services-auth:21.0.0] AndroidManifest.xml:35:13-36
122            android:permission="com.google.android.gms.auth.api.signin.permission.REVOCATION_NOTIFICATION"
122-->[com.google.android.gms:play-services-auth:21.0.0] AndroidManifest.xml:36:13-107
123            android:visibleToInstantApps="true" />
123-->[com.google.android.gms:play-services-auth:21.0.0] AndroidManifest.xml:37:13-48
124
125        <activity
125-->[com.google.android.gms:play-services-base:18.3.0] AndroidManifest.xml:20:9-22:45
126            android:name="com.google.android.gms.common.api.GoogleApiActivity"
126-->[com.google.android.gms:play-services-base:18.3.0] AndroidManifest.xml:20:19-85
127            android:exported="false"
127-->[com.google.android.gms:play-services-base:18.3.0] AndroidManifest.xml:22:19-43
128            android:theme="@android:style/Theme.Translucent.NoTitleBar" />
128-->[com.google.android.gms:play-services-base:18.3.0] AndroidManifest.xml:21:19-78
129
130        <meta-data
130-->[com.google.android.gms:play-services-basement:18.3.0] AndroidManifest.xml:21:9-23:69
131            android:name="com.google.android.gms.version"
131-->[com.google.android.gms:play-services-basement:18.3.0] AndroidManifest.xml:22:13-58
132            android:value="@integer/google_play_services_version" />
132-->[com.google.android.gms:play-services-basement:18.3.0] AndroidManifest.xml:23:13-66
133
134        <provider
134-->[androidx.lifecycle:lifecycle-process:2.7.0] AndroidManifest.xml:24:9-32:20
135            android:name="androidx.startup.InitializationProvider"
135-->[androidx.lifecycle:lifecycle-process:2.7.0] AndroidManifest.xml:25:13-67
136            android:authorities="com.example.frontend.androidx-startup"
136-->[androidx.lifecycle:lifecycle-process:2.7.0] AndroidManifest.xml:26:13-68
137            android:exported="false" >
137-->[androidx.lifecycle:lifecycle-process:2.7.0] AndroidManifest.xml:27:13-37
138            <meta-data
138-->[androidx.lifecycle:lifecycle-process:2.7.0] AndroidManifest.xml:29:13-31:52
139                android:name="androidx.lifecycle.ProcessLifecycleInitializer"
139-->[androidx.lifecycle:lifecycle-process:2.7.0] AndroidManifest.xml:30:17-78
140                android:value="androidx.startup" />
140-->[androidx.lifecycle:lifecycle-process:2.7.0] AndroidManifest.xml:31:17-49
141            <meta-data
141-->[androidx.profileinstaller:profileinstaller:1.3.1] AndroidManifest.xml:29:13-31:52
142                android:name="androidx.profileinstaller.ProfileInstallerInitializer"
142-->[androidx.profileinstaller:profileinstaller:1.3.1] AndroidManifest.xml:30:17-85
143                android:value="androidx.startup" />
143-->[androidx.profileinstaller:profileinstaller:1.3.1] AndroidManifest.xml:31:17-49
144        </provider>
145
146        <receiver
146-->[androidx.profileinstaller:profileinstaller:1.3.1] AndroidManifest.xml:34:9-52:20
147            android:name="androidx.profileinstaller.ProfileInstallReceiver"
147-->[androidx.profileinstaller:profileinstaller:1.3.1] AndroidManifest.xml:35:13-76
148            android:directBootAware="false"
148-->[androidx.profileinstaller:profileinstaller:1.3.1] AndroidManifest.xml:36:13-44
149            android:enabled="true"
149-->[androidx.profileinstaller:profileinstaller:1.3.1] AndroidManifest.xml:37:13-35
150            android:exported="true"
150-->[androidx.profileinstaller:profileinstaller:1.3.1] AndroidManifest.xml:38:13-36
151            android:permission="android.permission.DUMP" >
151-->[androidx.profileinstaller:profileinstaller:1.3.1] AndroidManifest.xml:39:13-57
152            <intent-filter>
152-->[androidx.profileinstaller:profileinstaller:1.3.1] AndroidManifest.xml:40:13-42:29
153                <action android:name="androidx.profileinstaller.action.INSTALL_PROFILE" />
153-->[androidx.profileinstaller:profileinstaller:1.3.1] AndroidManifest.xml:41:17-91
153-->[androidx.profileinstaller:profileinstaller:1.3.1] AndroidManifest.xml:41:25-88
154            </intent-filter>
155            <intent-filter>
155-->[androidx.profileinstaller:profileinstaller:1.3.1] AndroidManifest.xml:43:13-45:29
156                <action android:name="androidx.profileinstaller.action.SKIP_FILE" />
156-->[androidx.profileinstaller:profileinstaller:1.3.1] AndroidManifest.xml:44:17-85
156-->[androidx.profileinstaller:profileinstaller:1.3.1] AndroidManifest.xml:44:25-82
157            </intent-filter>
158            <intent-filter>
158-->[androidx.profileinstaller:profileinstaller:1.3.1] AndroidManifest.xml:46:13-48:29
159                <action android:name="androidx.profileinstaller.action.SAVE_PROFILE" />
159-->[androidx.profileinstaller:profileinstaller:1.3.1] AndroidManifest.xml:47:17-88
159-->[androidx.profileinstaller:profileinstaller:1.3.1] AndroidManifest.xml:47:25-85
160            </intent-filter>
161            <intent-filter>
161-->[androidx.profileinstaller:profileinstaller:1.3.1] AndroidManifest.xml:49:13-51:29
162                <action android:name="androidx.profileinstaller.action.BENCHMARK_OPERATION" />
162-->[androidx.profileinstaller:profileinstaller:1.3.1] AndroidManifest.xml:50:17-95
162-->[androidx.profileinstaller:profileinstaller:1.3.1] AndroidManifest.xml:50:25-92
163            </intent-filter>
164        </receiver>
165    </application>
166
167</manifest>